frame,video,0,1,N/A,N/A,N/A,N/A,N/A,N/A,20000,0.016667,20000,0.016667,0,16069,1920,1080,0,0,0,0,yuv420p,N/A,I,0,0,0,0,0,tv,unknown,unknown,unknown,left,H.26[45] User Data Unregistered SEI message
frame,video,0,0,N/A,N/A,N/A,N/A,N/A,N/A,20000,0.016667,20000,0.016667,16222,116,1920,1080,0,0,0,0,yuv420p,N/A,B,0,0,0,0,0,tv,unknown,unknown,unknown,left
frame,video,0,0,N/A,N/A,N/A,N/A,N/A,N/A,20000,0.016667,20000,0.016667,16069,153,1920,1080,0,0,0,0,yuv420p,N/A,P,0,0,0,0,0,tv,unknown,unknown,unknown,left
frame,video,0,0,N/A,N/A,N/A,N/A,N/A,N/A,20000,0.016667,20000,0.016667,16482,116,1920,1080,0,0,0,0,yuv420p,N/A,B,0,0,0,0,0,tv,unknown,unknown,unknown,left
frame,video,0,0,N/A,N/A,N/A,N/A,N/A,N/A,20000,0.016667,20000,0.016667,16338,144,1920,1080,0,0,0,0,yuv420p,N/A,P,0,0,0,0,0,tv,unknown,unknown,unknown,left
frame,video,0,0,N/A,N/A,N/A,N/A,N/A,N/A,20000,0.016667,20000,0.016667,16743,116,1920,1080,0,0,0,0,yuv420p,N/A,B,0,0,0,0,0,tv,unknown,unknown,unknown,left
frame,video,0,0,N/A,N/A,N/A,N/A,N/A,N/A,20000,0.016667,20000,0.016667,16598,145,1920,1080,0,0,0,0,yuv420p,N/A,P,0,0,0,0,0,tv,unknown,unknown,unknown,left
frame,video,0,0,N/A,N/A,N/A,N/A,N/A,N/A,20000,0.016667,20000,0.016667,17004,116,1920,1080,0,0,0,0,yuv420p,N/A,B,0,0,0,0,0,tv,unknown,unknown,unknown,left
frame,video,0,0,N/A,N/A,N/A,N/A,N/A,N/A,20000,0.016667,20000,0.016667,16859,145,1920,1080,0,0,0,0,yuv420p,N/A,P,0,0,0,0,0,tv,unknown,unknown,unknown,left
frame,video,0,0,N/A,N/A,N/A,N/A,N/A,N/A,20000,0.016667,20000,0.016667,17265,116,1920,1080,0,0,0,0,yuv420p,N/A,B,0,0,0,0,0,tv,unknown,unknown,unknown,left
frame,video,0,0,N/A,N/A,N/A,N/A,N/A,N/A,20000,0.016667,20000,0.016667,17120,145,1920,1080,0,0,0,0,yuv420p,N/A,P,0,0,0,0,0,tv,unknown,unknown,unknown,left
frame,video,0,0,N/A,N/A,N/A,N/A,N/A,N/A,20000,0.016667,20000,0.016667,17526,116,1920,1080,0,0,0,0,yuv420p,N/A,B,0,0,0,0,0,tv,unknown,unknown,unknown,left
frame,video,0,0,N/A,N/A,N/A,N/A,N/A,N/A,20000,0.016667,20000,0.016667,17381,145,1920,1080,0,0,0,0,yuv420p,N/A,P,0,0,0,0,0,tv,unknown,unknown,unknown,left
frame,video,0,0,N/A,N/A,N/A,N/A,N/A,N/A,20000,0.016667,20000,0.016667,17787,116,1920,1080,0,0,0,0,yuv420p,N/A,B,0,0,0,0,0,tv,unknown,unknown,unknown,left
frame,video,0,0,N/A,N/A,N/A,N/A,N/A,N/A,20000,0.016667,20000,0.016667,17642,145,1920,1080,0,0,0,0,yuv420p,N/A,P,0,0,0,0,0,tv,unknown,unknown,unknown,left
frame,video,0,0,N/A,N/A,N/A,N/A,N/A,N/A,20000,0.016667,20000,0.016667,18067,116,1920,1080,0,0,0,0,yuv420p,N/A,B,0,0,0,0,0,tv,unknown,unknown,unknown,left
frame,video,0,0,N/A,N/A,N/A,N/A,N/A,N/A,20000,0.016667,20000,0.016667,17903,164,1920,1080,0,0,0,0,yuv420p,N/A,P,0,0,0,0,0,tv,unknown,unknown,unknown,left
frame,video,0,0,N/A,N/A,N/A,N/A,N/A,N/A,20000,0.016667,20000,0.016667,18359,113,1920,1080,0,0,0,0,yuv420p,N/A,B,0,0,0,0,0,tv,unknown,unknown,unknown,left
frame,video,0,0,N/A,N/A,N/A,N/A,N/A,N/A,20000,0.016667,20000,0.016667,18183,176,1920,1080,0,0,0,0,yuv420p,N/A,P,0,0,0,0,0,tv,unknown,unknown,unknown,left
frame,video,0,0,N/A,N/A,N/A,N/A,N/A,N/A,20000,0.016667,20000,0.016667,35157,119,1920,1080,0,0,0,0,yuv420p,N/A,B,0,0,0,0,0,tv,unknown,unknown,unknown,left
frame,video,0,1,N/A,N/A,N/A,N/A,N/A,N/A,20000,0.016667,20000,0.016667,18472,16685,1920,1080,0,0,0,0,yuv420p,N/A,I,0,0,0,0,0,tv,unknown,unknown,unknown,left,H.26[45] User Data Unregistered SEI message
frame,video,0,0,N/A,N/A,N/A,N/A,N/A,N/A,20000,0.016667,20000,0.016667,35674,107,1920,1080,0,0,0,0,yuv420p,N/A,B,0,0,0,0,0,tv,unknown,unknown,unknown,left
frame,video,0,0,N/A,N/A,N/A,N/A,N/A,N/A,20000,0.016667,20000,0.016667,35276,398,1920,1080,0,0,0,0,yuv420p,N/A,P,0,0,0,0,0,tv,unknown,unknown,unknown,left
frame,video,0,0,N/A,N/A,N/A,N/A,N/A,N/A,20000,0.016667,20000,0.016667,35781,139,1920,1080,0,0,0,0,yuv420p,N/A,P,0,0,0,0,0,tv,unknown,unknown,unknown,left
frame,video,0,0,N/A,N/A,N/A,N/A,N/A,N/A,20000,0.016667,20000,0.016667,36195,109,1920,1080,0,0,0,0,yuv420p,N/A,B,0,0,0,0,0,tv,unknown,unknown,unknown,left
frame,video,0,0,N/A,N/A,N/A,N/A,N/A,N/A,20000,0.016667,20000,0.016667,35920,275,1920,1080,0,0,0,0,yuv420p,N/A,P,0,0,0,0,0,tv,unknown,unknown,unknown,left
frame,video,0,0,N/A,N/A,N/A,N/A,N/A,N/A,20000,0.016667,20000,0.016667,36894,110,1920,1080,0,0,0,0,yuv420p,N/A,B,0,0,0,0,0,tv,unknown,unknown,unknown,left
frame,video,0,0,N/A,N/A,N/A,N/A,N/A,N/A,20000,0.016667,20000,0.016667,36304,590,1920,1080,0,0,0,0,yuv420p,N/A,P,0,0,0,0,0,tv,unknown,unknown,unknown,left
frame,video,0,0,N/A,N/A,N/A,N/A,N/A,N/A,20000,0.016667,20000,0.016667,37239,109,1920,1080,0,0,0,0,yuv420p,N/A,B,0,0,0,0,0,tv,unknown,unknown,unknown,left
frame,video,0,0,N/A,N/A,N/A,N/A,N/A,N/A,20000,0.016667,20000,0.016667,37004,235,1920,1080,0,0,0,0,yuv420p,N/A,P,0,0,0,0,0,tv,unknown,unknown,unknown,left
frame,video,0,0,N/A,N/A,N/A,N/A,N/A,N/A,20000,0.016667,20000,0.016667,37923,109,1920,1080,0,0,0,0,yuv420p,N/A,B,0,0,0,0,0,tv,unknown,unknown,unknown,left
frame,video,0,0,N/A,N/A,N/A,N/A,N/A,N/A,20000,0.016667,20000,0.016667,37348,575,1920,1080,0,0,0,0,yuv420p,N/A,P,0,0,0,0,0,tv,unknown,unknown,unknown,left
frame,video,0,0,N/A,N/A,N/A,N/A,N/A,N/A,20000,0.016667,20000,0.016667,38270,109,1920,1080,0,0,0,0,yuv420p,N/A,B,0,0,0,0,0,tv,unknown,unknown,unknown,left
frame,video,0,0,N/A,N/A,N/A,N/A,N/A,N/A,20000,0.016667,20000,0.016667,38032,238,1920,1080,0,0,0,0,yuv420p,N/A,P,0,0,0,0,0,tv,unknown,unknown,unknown,left
frame,video,0,0,N/A,N/A,N/A,N/A,N/A,N/A,20000,0.016667,20000,0.016667,38767,109,1920,1080,0,0,0,0,yuv420p,N/A,B,0,0,0,0,0,tv,unknown,unknown,unknown,left
frame,video,0,0,N/A,N/A,N/A,N/A,N/A,N/A,20000,0.016667,20000,0.016667,38379,388,1920,1080,0,0,0,0,yuv420p,N/A,P,0,0,0,0,0,tv,unknown,unknown,unknown,left
frame,video,0,0,N/A,N/A,N/A,N/A,N/A,N/A,20000,0.016667,20000,0.016667,38876,169,1920,1080,0,0,0,0,yuv420p,N/A,P,0,0,0,0,0,tv,unknown,unknown,unknown,left
frame,video,0,0,N/A,N/A,N/A,N/A,N/A,N/A,20000,0.016667,20000,0.016667,39257,109,1920,1080,0,0,0,0,yuv420p,N/A,B,0,0,0,0,0,tv,unknown,unknown,unknown,left
frame,video,0,0,N/A,N/A,N/A,N/A,N/A,N/A,20000,0.016667,20000,0.016667,39045,212,1920,1080,0,0,0,0,yuv420p,N/A,P,0,0,0,0,0,tv,unknown,unknown,unknown,left
frame,video,0,0,N/A,N/A,N/A,N/A,N/A,N/A,20000,0.016667,20000,0.016667,56611,112,1920,1080,0,0,0,0,yuv420p,N/A,B,0,0,0,0,0,tv,unknown,unknown,unknown,left
frame,video,0,1,N/A,N/A,N/A,N/A,N/A,N/A,20000,0.016667,20000,0.016667,39366,17245,1920,1080,0,0,0,0,yuv420p,N/A,I,0,0,0,0,0,tv,unknown,unknown,unknown,left,H.26[45] User Data Unregistered SEI message
frame,video,0,0,N/A,N/A,N/A,N/A,N/A,N/A,20000,0.016667,20000,0.016667,56954,107,1920,1080,0,0,0,0,yuv420p,N/A,B,0,0,0,0,0,tv,unknown,unknown,unknown,left
frame,video,0,0,N/A,N/A,N/A,N/A,N/A,N/A,20000,0.016667,20000,0.016667,56723,231,1920,1080,0,0,0,0,yuv420p,N/A,P,0,0,0,0,0,tv,unknown,unknown,unknown,left
frame,video,0,0,N/A,N/A,N/A,N/A,N/A,N/A,20000,0.016667,20000,0.016667,57242,109,1920,1080,0,0,0,0,yuv420p,N/A,B,0,0,0,0,0,tv,unknown,unknown,unknown,left
frame,video,0,0,N/A,N/A,N/A,N/A,N/A,N/A,20000,0.016667,20000,0.016667,57061,181,1920,1080,0,0,0,0,yuv420p,N/A,P,0,0,0,0,0,tv,unknown,unknown,unknown,left
frame,video,0,0,N/A,N/A,N/A,N/A,N/A,N/A,20000,0.016667,20000,0.016667,57616,112,1920,1080,0,0,0,0,yuv420p,N/A,B,0,0,0,0,0,tv,unknown,unknown,unknown,left
frame,video,0,0,N/A,N/A,N/A,N/A,N/A,N/A,20000,0.016667,20000,0.016667,57351,265,1920,1080,0,0,0,0,yuv420p,N/A,P,0,0,0,0,0,tv,unknown,unknown,unknown,left
frame,video,0,0,N/A,N/A,N/A,N/A,N/A,N/A,20000,0.016667,20000,0.016667,57862,110,1920,1080,0,0,0,0,yuv420p,N/A,B,0,0,0,0,0,tv,unknown,unknown,unknown,left
frame,video,0,0,N/A,N/A,N/A,N/A,N/A,N/A,20000,0.016667,20000,0.016667,57728,134,1920,1080,0,0,0,0,yuv420p,N/A,P,0,0,0,0,0,tv,unknown,unknown,unknown,left
frame,video,0,0,N/A,N/A,N/A,N/A,N/A,N/A,20000,0.016667,20000,0.016667,58106,110,1920,1080,0,0,0,0,yuv420p,N/A,B,0,0,0,0,0,tv,unknown,unknown,unknown,left
frame,video,0,0,N/A,N/A,N/A,N/A,N/A,N/A,20000,0.016667,20000,0.016667,57972,134,1920,1080,0,0,0,0,yuv420p,N/A,P,0,0,0,0,0,tv,unknown,unknown,unknown,left
frame,video,0,0,N/A,N/A,N/A,N/A,N/A,N/A,20000,0.016667,20000,0.016667,58350,110,1920,1080,0,0,0,0,yuv420p,N/A,B,0,0,0,0,0,tv,unknown,unknown,unknown,left
frame,video,0,0,N/A,N/A,N/A,N/A,N/A,N/A,20000,0.016667,20000,0.016667,58216,134,1920,1080,0,0,0,0,yuv420p,N/A,P,0,0,0,0,0,tv,unknown,unknown,unknown,left
frame,video,0,0,N/A,N/A,N/A,N/A,N/A,N/A,20000,0.016667,20000,0.016667,58594,110,1920,1080,0,0,0,0,yuv420p,N/A,B,0,0,0,0,0,tv,unknown,unknown,unknown,left
frame,video,0,0,N/A,N/A,N/A,N/A,N/A,N/A,20000,0.016667,20000,0.016667,58460,134,1920,1080,0,0,0,0,yuv420p,N/A,P,0,0,0,0,0,tv,unknown,unknown,unknown,left
frame,video,0,0,N/A,N/A,N/A,N/A,N/A,N/A,20000,0.016667,20000,0.016667,58704,134,1920,1080,0,0,0,0,yuv420p,N/A,P,0,0,0,0,0,tv,unknown,unknown,unknown,left
frame,video,0,0,N/A,N/A,N/A,N/A,N/A,N/A,20000,0.016667,20000,0.016667,58838,135,1920,1080,0,0,0,0,yuv420p,N/A,P,0,0,0,0,0,tv,unknown,unknown,unknown,left
frame,video,0,0,N/A,N/A,N/A,N/A,N/A,N/A,20000,0.016667,20000,0.016667,59110,110,1920,1080,0,0,0,0,yuv420p,N/A,B,0,0,0,0,0,tv,unknown,unknown,unknown,left
frame,video,0,0,N/A,N/A,N/A,N/A,N/A,N/A,20000,0.016667,20000,0.016667,58973,137,1920,1080,0,0,0,0,yuv420p,N/A,P,0,0,0,0,0,tv,unknown,unknown,unknown,left
frame,video,0,0,N/A,N/A,N/A,N/A,N/A,N/A,20000,0.016667,20000,0.016667,76354,113,1920,1080,0,0,0,0,yuv420p,N/A,B,0,0,0,0,0,tv,unknown,unknown,unknown,left
frame,video,0,1,N/A,N/A,N/A,N/A,N/A,N/A,20000,0.016667,20000,0.016667,59220,17134,1920,1080,0,0,0,0,yuv420p,N/A,I,0,0,0,0,0,tv,unknown,unknown,unknown,left,H.26[45] User Data Unregistered SEI message
frame,video,0,0,N/A,N/A,N/A,N/A,N/A,N/A,20000,0.016667,20000,0.016667,76805,96,1920,1080,0,0,0,0,yuv420p,N/A,B,0,0,0,0,0,tv,unknown,unknown,unknown,left
frame,video,0,0,N/A,N/A,N/A,N/A,N/A,N/A,20000,0.016667,20000,0.016667,76467,338,1920,1080,0,0,0,0,yuv420p,N/A,P,0,0,0,0,0,tv,unknown,unknown,unknown,left
frame,video,0,0,N/A,N/A,N/A,N/A,N/A,N/A,20000,0.016667,20000,0.016667,77362,128,1920,1080,0,0,0,0,yuv420p,N/A,B,0,0,0,0,0,tv,unknown,unknown,unknown,left
frame,video,0,0,N/A,N/A,N/A,N/A,N/A,N/A,20000,0.016667,20000,0.016667,76901,461,1920,1080,0,0,0,0,yuv420p,N/A,P,0,0,0,0,0,tv,unknown,unknown,unknown,left
frame,video,0,0,N/A,N/A,N/A,N/A,N/A,N/A,20000,0.016667,20000,0.016667,77811,114,1920,1080,0,0,0,0,yuv420p,N/A,B,0,0,0,0,0,tv,unknown,unknown,unknown,left
frame,video,0,0,N/A,N/A,N/A,N/A,N/A,N/A,20000,0.016667,20000,0.016667,77490,321,1920,1080,0,0,0,0,yuv420p,N/A,P,0,0,0,0,0,tv,unknown,unknown,unknown,left
frame,video,0,0,N/A,N/A,N/A,N/A,N/A,N/A,20000,0.016667,20000,0.016667,78430,156,1920,1080,0,0,0,0,yuv420p,N/A,B,0,0,0,0,0,tv,unknown,unknown,unknown,left
frame,video,0,0,N/A,N/A,N/A,N/A,N/A,N/A,20000,0.016667,20000,0.016667,77925,505,1920,1080,0,0,0,0,yuv420p,N/A,P,0,0,0,0,0,tv,unknown,unknown,unknown,left
frame,video,0,0,N/A,N/A,N/A,N/A,N/A,N/A,20000,0.016667,20000,0.016667,78905,116,1920,1080,0,0,0,0,yuv420p,N/A,B,0,0,0,0,0,tv,unknown,unknown,unknown,left
frame,video,0,0,N/A,N/A,N/A,N/A,N/A,N/A,20000,0.016667,20000,0.016667,78586,319,1920,1080,0,0,0,0,yuv420p,N/A,P,0,0,0,0,0,tv,unknown,unknown,unknown,left
frame,video,0,0,N/A,N/A,N/A,N/A,N/A,N/A,20000,0.016667,20000,0.016667,79516,176,1920,1080,0,0,0,0,yuv420p,N/A,B,0,0,0,0,0,tv,unknown,unknown,unknown,left
frame,video,0,0,N/A,N/A,N/A,N/A,N/A,N/A,20000,0.016667,20000,0.016667,79021,495,1920,1080,0,0,0,0,yuv420p,N/A,P,0,0,0,0,0,tv,unknown,unknown,unknown,left
frame,video,0,0,N/A,N/A,N/A,N/A,N/A,N/A,20000,0.016667,20000,0.016667,79692,394,1920,1080,0,0,0,0,yuv420p,N/A,P,0,0,0,0,0,tv,unknown,unknown,unknown,left
frame,video,0,0,N/A,N/A,N/A,N/A,N/A,N/A,20000,0.016667,20000,0.016667,80731,143,1920,1080,0,0,0,0,yuv420p,N/A,B,0,0,0,0,0,tv,unknown,unknown,unknown,left
frame,video,0,0,N/A,N/A,N/A,N/A,N/A,N/A,20000,0.016667,20000,0.016667,80086,645,1920,1080,0,0,0,0,yuv420p,N/A,P,0,0,0,0,0,tv,unknown,unknown,unknown,left
frame,video,0,0,N/A,N/A,N/A,N/A,N/A,N/A,20000,0.016667,20000,0.016667,80874,467,1920,1080,0,0,0,0,yuv420p,N/A,P,0,0,0,0,0,tv,unknown,unknown,unknown,left
frame,video,0,0,N/A,N/A,N/A,N/A,N/A,N/A,20000,0.016667,20000,0.016667,81783,119,1920,1080,0,0,0,0,yuv420p,N/A,B,0,0,0,0,0,tv,unknown,unknown,unknown,left
frame,video,0,0,N/A,N/A,N/A,N/A,N/A,N/A,20000,0.016667,20000,0.016667,81341,442,1920,1080,0,0,0,0,yuv420p,N/A,P,0,0,0,0,0,tv,unknown,unknown,unknown,left
frame,video,0,0,N/A,N/A,N/A,N/A,N/A,N/A,20000,0.016667,20000,0.016667,102687,122,1920,1080,0,0,0,0,yuv420p,N/A,B,0,0,0,0,0,tv,unknown,unknown,unknown,left
frame,video,0,1,N/A,N/A,N/A,N/A,N/A,N/A,20000,0.016667,20000,0.016667,81902,20785,1920,1080,0,0,0,0,yuv420p,N/A,I,0,0,0,0,0,tv,unknown,unknown,unknown,left,H.26[45] User Data Unregistered SEI message
frame,video,0,0,N/A,N/A,N/A,N/A,N/A,N/A,20000,0.016667,20000,0.016667,103068,126,1920,1080,0,0,0,0,yuv420p,N/A,B,0,0,0,0,0,tv,unknown,unknown,unknown,left
frame,video,0,0,N/A,N/A,N/A,N/A,N/A,N/A,20000,0.016667,20000,0.016667,102809,259,1920,1080,0,0,0,0,yuv420p,N/A,P,0,0,0,0,0,tv,unknown,unknown,unknown,left
frame,video,0,0,N/A,N/A,N/A,N/A,N/A,N/A,20000,0.016667,20000,0.016667,103194,226,1920,1080,0,0,0,0,yuv420p,N/A,P,0,0,0,0,0,tv,unknown,unknown,unknown,left
frame,video,0,0,N/A,N/A,N/A,N/A,N/A,N/A,20000,0.016667,20000,0.016667,103836,153,1920,1080,0,0,0,0,yuv420p,N/A,B,0,0,0,0,0,tv,unknown,unknown,unknown,left
frame,video,0,0,N/A,N/A,N/A,N/A,N/A,N/A,20000,0.016667,20000,0.016667,103420,416,1920,1080,0,0,0,0,yuv420p,N/A,P,0,0,0,0,0,tv,unknown,unknown,unknown,left
frame,video,0,0,N/A,N/A,N/A,N/A,N/A,N/A,20000,0.016667,20000,0.016667,104174,110,1920,1080,0,0,0,0,yuv420p,N/A,B,0,0,0,0,0,tv,unknown,unknown,unknown,left
frame,video,0,0,N/A,N/A,N/A,N/A,N/A,N/A,20000,0.016667,20000,0.016667,103989,185,1920,1080,0,0,0,0,yuv420p,N/A,P,0,0,0,0,0,tv,unknown,unknown,unknown,left
frame,video,0,0,N/A,N/A,N/A,N/A,N/A,N/A,20000,0.016667,20000,0.016667,104586,123,1920,1080,0,0,0,0,yuv420p,N/A,B,0,0,0,0,0,tv,unknown,unknown,unknown,left
frame,video,0,0,N/A,N/A,N/A,N/A,N/A,N/A,20000,0.016667,20000,0.016667,104284,302,1920,1080,0,0,0,0,yuv420p,N/A,P,0,0,0,0,0,tv,unknown,unknown,unknown,left
frame,video,0,0,N/A,N/A,N/A,N/A,N/A,N/A,20000,0.016667,20000,0.016667,104874,102,1920,1080,0,0,0,0,yuv420p,N/A,B,0,0,0,0,0,tv,unknown,unknown,unknown,left
frame,video,0,0,N/A,N/A,N/A,N/A,N/A,N/A,20000,0.016667,20000,0.016667,104709,165,1920,1080,0,0,0,0,yuv420p,N/A,P,0,0,0,0,0,tv,unknown,unknown,unknown,left
frame,video,0,0,N/A,N/A,N/A,N/A,N/A,N/A,20000,0.016667,20000,0.016667,105276,145,1920,1080,0,0,0,0,yuv420p,N/A,B,0,0,0,0,0,tv,unknown,unknown,unknown,left
frame,video,0,0,N/A,N/A,N/A,N/A,N/A,N/A,20000,0.016667,20000,0.016667,104976,300,1920,1080,0,0,0,0,yuv420p,N/A,P,0,0,0,0,0,tv,unknown,unknown,unknown,left
frame,video,0,0,N/A,N/A,N/A,N/A,N/A,N/A,20000,0.016667,20000,0.016667,105573,102,1920,1080,0,0,0,0,yuv420p,N/A,B,0,0,0,0,0,tv,unknown,unknown,unknown,left
frame,video,0,0,N/A,N/A,N/A,N/A,N/A,N/A,20000,0.016667,20000,0.016667,105421,152,1920,1080,0,0,0,0,yuv420p,N/A,P,0,0,0,0,0,tv,unknown,unknown,unknown,left
frame,video,0,0,N/A,N/A,N/A,N/A,N/A,N/A,20000,0.016667,20000,0.016667,105675,201,1920,1080,0,0,0,0,yuv420p,N/A,P,0,0,0,0,0,tv,unknown,unknown,unknown,left
frame,video,0,0,N/A,N/A,N/A,N/A,N/A,N/A,20000,0.016667,20000,0.016667,106162,147,1920,1080,0,0,0,0,yuv420p,N/A,B,0,0,0,0,0,tv,unknown,unknown,unknown,left
frame,video,0,0,N/A,N/A,N/A,N/A,N/A,N/A,20000,0.016667,20000,0.016667,105876,286,1920,1080,0,0,0,0,yuv420p,N/A,P,0,0,0,0,0,tv,unknown,unknown,unknown,left
frame,video,0,0,N/A,N/A,N/A,N/A,N/A,N/A,20000,0.016667,20000,0.016667,127954,113,1920,1080,0,0,0,0,yuv420p,N/A,B,0,0,0,0,0,tv,unknown,unknown,unknown,left
frame,video,0,1,N/A,N/A,N/A,N/A,N/A,N/A,20000,0.016667,20000,0.016667,106309,21645,1920,1080,0,0,0,0,yuv420p,N/A,I,0,0,0,0,0,tv,unknown,unknown,unknown,left,H.26[45] User Data Unregistered SEI message
frame,video,0,0,N/A,N/A,N/A,N/A,N/A,N/A,20000,0.016667,20000,0.016667,128279,120,1920,1080,0,0,0,0,yuv420p,N/A,B,0,0,0,0,0,tv,unknown,unknown,unknown,left
frame,video,0,0,N/A,N/A,N/A,N/A,N/A,N/A,20000,0.016667,20000,0.016667,128067,212,1920,1080,0,0,0,0,yuv420p,N/A,P,0,0,0,0,0,tv,unknown,unknown,unknown,left
frame,video,0,0,N/A,N/A,N/A,N/A,N/A,N/A,20000,0.016667,20000,0.016667,128680,110,1920,1080,0,0,0,0,yuv420p,N/A,B,0,0,0,0,0,tv,unknown,unknown,unknown,left
frame,video,0,0,N/A,N/A,N/A,N/A,N/A,N/A,20000,0.016667,20000,0.016667,128399,281,1920,1080,0,0,0,0,yuv420p,N/A,P,0,0,0,0,0,tv,unknown,unknown,unknown,left
frame,video,0,0,N/A,N/A,N/A,N/A,N/A,N/A,20000,0.016667,20000,0.016667,128790,290,1920,1080,0,0,0,0,yuv420p,N/A,P,0,0,0,0,0,tv,unknown,unknown,unknown,left
frame,video,0,0,N/A,N/A,N/A,N/A,N/A,N/A,20000,0.016667,20000,0.016667,129507,148,1920,1080,0,0,0,0,yuv420p,N/A,B,0,0,0,0,0,tv,unknown,unknown,unknown,left
frame,video,0,0,N/A,N/A,N/A,N/A,N/A,N/A,20000,0.016667,20000,0.016667,129080,427,1920,1080,0,0,0,0,yuv420p,N/A,P,0,0,0,0,0,tv,unknown,unknown,unknown,left
frame,video,0,0,N/A,N/A,N/A,N/A,N/A,N/A,20000,0.016667,20000,0.016667,129881,116,1920,1080,0,0,0,0,yuv420p,N/A,B,0,0,0,0,0,tv,unknown,unknown,unknown,left
frame,video,0,0,N/A,N/A,N/A,N/A,N/A,N/A,20000,0.016667,20000,0.016667,129655,226,1920,1080,0,0,0,0,yuv420p,N/A,P,0,0,0,0,0,tv,unknown,unknown,unknown,left
frame,video,0,0,N/A,N/A,N/A,N/A,N/A,N/A,20000,0.016667,20000,0.016667,130289,109,1920,1080,0,0,0,0,yuv420p,N/A,B,0,0,0,0,0,tv,unknown,unknown,unknown,left
frame,video,0,0,N/A,N/A,N/A,N/A,N/A,N/A,20000,0.016667,20000,0.016667,129997,292,1920,1080,0,0,0,0,yuv420p,N/A,P,0,0,0,0,0,tv,unknown,unknown,unknown,left
frame,video,0,0,N/A,N/A,N/A,N/A,N/A,N/A,20000,0.016667,20000,0.016667,130585,105,1920,1080,0,0,0,0,yuv420p,N/A,B,0,0,0,0,0,tv,unknown,unknown,unknown,left
frame,video,0,0,N/A,N/A,N/A,N/A,N/A,N/A,20000,0.016667,20000,0.016667,130398,187,1920,1080,0,0,0,0,yuv420p,N/A,P,0,0,0,0,0,tv,unknown,unknown,unknown,left
frame,video,0,0,N/A,N/A,N/A,N/A,N/A,N/A,20000,0.016667,20000,0.016667,130991,148,1920,1080,0,0,0,0,yuv420p,N/A,B,0,0,0,0,0,tv,unknown,unknown,unknown,left
frame,video,0,0,N/A,N/A,N/A,N/A,N/A,N/A,20000,0.016667,20000,0.016667,130690,301,1920,1080,0,0,0,0,yuv420p,N/A,P,0,0,0,0,0,tv,unknown,unknown,unknown,left
frame,video,0,0,N/A,N/A,N/A,N/A,N/A,N/A,20000,0.016667,20000,0.016667,131139,132,1920,1080,0,0,0,0,yuv420p,N/A,P,0,0,0,0,0,tv,unknown,unknown,unknown,left
frame,video,0,0,N/A,N/A,N/A,N/A,N/A,N/A,20000,0.016667,20000,0.016667,131519,119,1920,1080,0,0,0,0,yuv420p,N/A,B,0,0,0,0,0,tv,unknown,unknown,unknown,left
frame,video,0,0,N/A,N/A,N/A,N/A,N/A,N/A,20000,0.016667,20000,0.016667,131271,248,1920,1080,0,0,0,0,yuv420p,N/A,P,0,0,0,0,0,tv,unknown,unknown,unknown,left
frame,video,0,0,N/A,N/A,N/A,N/A,N/A,N/A,20000,0.016667,20000,0.016667,154088,115,1920,1080,0,0,0,0,yuv420p,N/A,B,0,0,0,0,0,tv,unknown,unknown,unknown,left
frame,video,0,1,N/A,N/A,N/A,N/A,N/A,N/A,20000,0.016667,20000,0.016667,131638,22450,1920,1080,0,0,0,0,yuv420p,N/A,I,0,0,0,0,0,tv,unknown,unknown,unknown,left,H.26[45] User Data Unregistered SEI message
frame,video,0,0,N/A,N/A,N/A,N/A,N/A,N/A,20000,0.016667,20000,0.016667,154362,101,1920,1080,0,0,0,0,yuv420p,N/A,B,0,0,0,0,0,tv,unknown,unknown,unknown,left
frame,video,0,0,N/A,N/A,N/A,N/A,N/A,N/A,20000,0.016667,20000,0.016667,154203,159,1920,1080,0,0,0,0,yuv420p,N/A,P,0,0,0,0,0,tv,unknown,unknown,unknown,left
frame,video,0,0,N/A,N/A,N/A,N/A,N/A,N/A,20000,0.016667,20000,0.016667,154602,104,1920,1080,0,0,0,0,yuv420p,N/A,B,0,0,0,0,0,tv,unknown,unknown,unknown,left
frame,video,0,0,N/A,N/A,N/A,N/A,N/A,N/A,20000,0.016667,20000,0.016667,154463,139,1920,1080,0,0,0,0,yuv420p,N/A,P,0,0,0,0,0,tv,unknown,unknown,unknown,left
frame,video,0,0,N/A,N/A,N/A,N/A,N/A,N/A,20000,0.016667,20000,0.016667,154858,104,1920,1080,0,0,0,0,yuv420p,N/A,B,0,0,0,0,0,tv,unknown,unknown,unknown,left
frame,video,0,0,N/A,N/A,N/A,N/A,N/A,N/A,20000,0.016667,20000,0.016667,154706,152,1920,1080,0,0,0,0,yuv420p,N/A,P,0,0,0,0,0,tv,unknown,unknown,unknown,left
frame,video,0,0,N/A,N/A,N/A,N/A,N/A,N/A,20000,0.016667,20000,0.016667,155098,103,1920,1080,0,0,0,0,yuv420p,N/A,B,0,0,0,0,0,tv,unknown,unknown,unknown,left
frame,video,0,0,N/A,N/A,N/A,N/A,N/A,N/A,20000,0.016667,20000,0.016667,154962,136,1920,1080,0,0,0,0,yuv420p,N/A,P,0,0,0,0,0,tv,unknown,unknown,unknown,left
frame,video,0,0,N/A,N/A,N/A,N/A,N/A,N/A,20000,0.016667,20000,0.016667,155352,104,1920,1080,0,0,0,0,yuv420p,N/A,B,0,0,0,0,0,tv,unknown,unknown,unknown,left
frame,video,0,0,N/A,N/A,N/A,N/A,N/A,N/A,20000,0.016667,20000,0.016667,155201,151,1920,1080,0,0,0,0,yuv420p,N/A,P,0,0,0,0,0,tv,unknown,unknown,unknown,left
frame,video,0,0,N/A,N/A,N/A,N/A,N/A,N/A,20000,0.016667,20000,0.016667,155456,153,1920,1080,0,0,0,0,yuv420p,N/A,P,0,0,0,0,0,tv,unknown,unknown,unknown,left
frame,video,0,0,N/A,N/A,N/A,N/A,N/A,N/A,20000,0.016667,20000,0.016667,155924,103,1920,1080,0,0,0,0,yuv420p,N/A,B,0,0,0,0,0,tv,unknown,unknown,unknown,left
frame,video,0,0,N/A,N/A,N/A,N/A,N/A,N/A,20000,0.016667,20000,0.016667,155609,315,1920,1080,0,0,0,0,yuv420p,N/A,P,0,0,0,0,0,tv,unknown,unknown,unknown,left
frame,video,0,0,N/A,N/A,N/A,N/A,N/A,N/A,20000,0.016667,20000,0.016667,156188,97,1920,1080,0,0,0,0,yuv420p,N/A,B,0,0,0,0,0,tv,unknown,unknown,unknown,left
frame,video,0,0,N/A,N/A,N/A,N/A,N/A,N/A,20000,0.016667,20000,0.016667,156027,161,1920,1080,0,0,0,0,yuv420p,N/A,P,0,0,0,0,0,tv,unknown,unknown,unknown,left
frame,video,0,0,N/A,N/A,N/A,N/A,N/A,N/A,20000,0.016667,20000,0.016667,156285,211,1920,1080,0,0,0,0,yuv420p,N/A,P,0,0,0,0,0,tv,unknown,unknown,unknown,left
frame,video,0,0,N/A,N/A,N/A,N/A,N/A,N/A,20000,0.016667,20000,0.016667,156777,99,1920,1080,0,0,0,0,yuv420p,N/A,B,0,0,0,0,0,tv,unknown,unknown,unknown,left
frame,video,0,0,N/A,N/A,N/A,N/A,N/A,N/A,20000,0.016667,20000,0.016667,156496,281,1920,1080,0,0,0,0,yuv420p,N/A,P,0,0,0,0,0,tv,unknown,unknown,unknown,left
frame,video,0,0,N/A,N/A,N/A,N/A,N/A,N/A,20000,0.016667,20000,0.016667,178876,106,1920,1080,0,0,0,0,yuv420p,N/A,B,0,0,0,0,0,tv,unknown,unknown,unknown,left
frame,video,0,1,N/A,N/A,N/A,N/A,N/A,N/A,20000,0.016667,20000,0.016667,156876,22000,1920,1080,0,0,0,0,yuv420p,N/A,I,0,0,0,0,0,tv,unknown,unknown,unknown,left,H.26[45] User Data Unregistered SEI message
frame,video,0,0,N/A,N/A,N/A,N/A,N/A,N/A,20000,0.016667,20000,0.016667,179458,108,1920,1080,0,0,0,0,yuv420p,N/A,B,0,0,0,0,0,tv,unknown,unknown,unknown,left
frame,video,0,0,N/A,N/A,N/A,N/A,N/A,N/A,20000,0.016667,20000,0.016667,178982,476,1920,1080,0,0,0,0,yuv420p,N/A,P,0,0,0,0,0,tv,unknown,unknown,unknown,left
frame,video,0,0,N/A,N/A,N/A,N/A,N/A,N/A,20000,0.016667,20000,0.016667,180405,98,1920,1080,0,0,0,0,yuv420p,N/A,B,0,0,0,0,0,tv,unknown,unknown,unknown,left
frame,video,0,0,N/A,N/A,N/A,N/A,N/A,N/A,20000,0.016667,20000,0.016667,179566,839,1920,1080,0,0,0,0,yuv420p,N/A,P,0,0,0,0,0,tv,unknown,unknown,unknown,left
frame,video,0,0,N/A,N/A,N/A,N/A,N/A,N/A,20000,0.016667,20000,0.016667,181339,97,1920,1080,0,0,0,0,yuv420p,N/A,B,0,0,0,0,0,tv,unknown,unknown,unknown,left
frame,video,0,0,N/A,N/A,N/A,N/A,N/A,N/A,20000,0.016667,20000,0.016667,180503,836,1920,1080,0,0,0,0,yuv420p,N/A,P,0,0,0,0,0,tv,unknown,unknown,unknown,left
frame,video,0,0,N/A,N/A,N/A,N/A,N/A,N/A,20000,0.016667,20000,0.016667,182547,97,1920,1080,0,0,0,0,yuv420p,N/A,B,0,0,0,0,0,tv,unknown,unknown,unknown,left
frame,video,0,0,N/A,N/A,N/A,N/A,N/A,N/A,20000,0.016667,20000,0.016667,181436,1111,1920,1080,0,0,0,0,yuv420p,N/A,P,0,0,0,0,0,tv,unknown,unknown,unknown,left
frame,video,0,0,N/A,N/A,N/A,N/A,N/A,N/A,20000,0.016667,20000,0.016667,183597,104,1920,1080,0,0,0,0,yuv420p,N/A,B,0,0,0,0,0,tv,unknown,unknown,unknown,left
frame,video,0,0,N/A,N/A,N/A,N/A,N/A,N/A,20000,0.016667,20000,0.016667,182644,953,1920,1080,0,0,0,0,yuv420p,N/A,P,0,0,0,0,0,tv,unknown,unknown,unknown,left
frame,video,0,0,N/A,N/A,N/A,N/A,N/A,N/A,20000,0.016667,20000,0.016667,184746,106,1920,1080,0,0,0,0,yuv420p,N/A,B,0,0,0,0,0,tv,unknown,unknown,unknown,left
frame,video,0,0,N/A,N/A,N/A,N/A,N/A,N/A,20000,0.016667,20000,0.016667,183701,1045,1920,1080,0,0,0,0,yuv420p,N/A,P,0,0,0,0,0,tv,unknown,unknown,unknown,left
frame,video,0,0,N/A,N/A,N/A,N/A,N/A,N/A,20000,0.016667,20000,0.016667,185497,97,1920,1080,0,0,0,0,yuv420p,N/A,B,0,0,0,0,0,tv,unknown,unknown,unknown,left
frame,video,0,0,N/A,N/A,N/A,N/A,N/A,N/A,20000,0.016667,20000,0.016667,184852,645,1920,1080,0,0,0,0,yuv420p,N/A,P,0,0,0,0,0,tv,unknown,unknown,unknown,left
frame,video,0,0,N/A,N/A,N/A,N/A,N/A,N/A,20000,0.016667,20000,0.016667,185594,602,1920,1080,0,0,0,0,yuv420p,N/A,P,0,0,0,0,0,tv,unknown,unknown,unknown,left
frame,video,0,0,N/A,N/A,N/A,N/A,N/A,N/A,20000,0.016667,20000,0.016667,186196,466,1920,1080,0,0,0,0,yuv420p,N/A,P,0,0,0,0,0,tv,unknown,unknown,unknown,left
frame,video,0,0,N/A,N/A,N/A,N/A,N/A,N/A,20000,0.016667,20000,0.016667,187379,111,1920,1080,0,0,0,0,yuv420p,N/A,B,0,0,0,0,0,tv,unknown,unknown,unknown,left
frame,video,0,0,N/A,N/A,N/A,N/A,N/A,N/A,20000,0.016667,20000,0.016667,186662,717,1920,1080,0,0,0,0,yuv420p,N/A,P,0,0,0,0,0,tv,unknown,unknown,unknown,left
frame,video,0,0,N/A,N/A,N/A,N/A,N/A,N/A,20000,0.016667,20000,0.016667,207665,108,1920,1080,0,0,0,0,yuv420p,N/A,B,0,0,0,0,0,tv,unknown,unknown,unknown,left
frame,video,0,1,N/A,N/A,N/A,N/A,N/A,N/A,20000,0.016667,20000,0.016667,187490,20175,1920,1080,0,0,0,0,yuv420p,N/A,I,0,0,0,0,0,tv,unknown,unknown,unknown,left,H.26[45] User Data Unregistered SEI message
frame,video,0,0,N/A,N/A,N/A,N/A,N/A,N/A,20000,0.016667,20000,0.016667,208261,111,1920,1080,0,0,0,0,yuv420p,N/A,B,0,0,0,0,0,tv,unknown,unknown,unknown,left
frame,video,0,0,N/A,N/A,N/A,N/A,N/A,N/A,20000,0.016667,20000,0.016667,207773,488,1920,1080,0,0,0,0,yuv420p,N/A,P,0,0,0,0,0,tv,unknown,unknown,unknown,left
frame,video,0,0,N/A,N/A,N/A,N/A,N/A,N/A,20000,0.016667,20000,0.016667,208628,99,1920,1080,0,0,0,0,yuv420p,N/A,B,0,0,0,0,0,tv,unknown,unknown,unknown,left
frame,video,0,0,N/A,N/A,N/A,N/A,N/A,N/A,20000,0.016667,20000,0.016667,208372,256,1920,1080,0,0,0,0,yuv420p,N/A,P,0,0,0,0,0,tv,unknown,unknown,unknown,left
frame,video,0,0,N/A,N/A,N/A,N/A,N/A,N/A,20000,0.016667,20000,0.016667,208727,244,1920,1080,0,0,0,0,yuv420p,N/A,P,0,0,0,0,0,tv,unknown,unknown,unknown,left
frame,video,0,0,N/A,N/A,N/A,N/A,N/A,N/A,20000,0.016667,20000,0.016667,209380,112,1920,1080,0,0,0,0,yuv420p,N/A,B,0,0,0,0,0,tv,unknown,unknown,unknown,left
frame,video,0,0,N/A,N/A,N/A,N/A,N/A,N/A,20000,0.016667,20000,0.016667,208971,409,1920,1080,0,0,0,0,yuv420p,N/A,P,0,0,0,0,0,tv,unknown,unknown,unknown,left
frame,video,0,0,N/A,N/A,N/A,N/A,N/A,N/A,20000,0.016667,20000,0.016667,209655,109,1920,1080,0,0,0,0,yuv420p,N/A,B,0,0,0,0,0,tv,unknown,unknown,unknown,left
frame,video,0,0,N/A,N/A,N/A,N/A,N/A,N/A,20000,0.016667,20000,0.016667,209492,163,1920,1080,0,0,0,0,yuv420p,N/A,P,0,0,0,0,0,tv,unknown,unknown,unknown,left
frame,video,0,0,N/A,N/A,N/A,N/A,N/A,N/A,20000,0.016667,20000,0.016667,209927,115,1920,1080,0,0,0,0,yuv420p,N/A,B,0,0,0,0,0,tv,unknown,unknown,unknown,left
frame,video,0,0,N/A,N/A,N/A,N/A,N/A,N/A,20000,0.016667,20000,0.016667,209764,163,1920,1080,0,0,0,0,yuv420p,N/A,P,0,0,0,0,0,tv,unknown,unknown,unknown,left
frame,video,0,0,N/A,N/A,N/A,N/A,N/A,N/A,20000,0.016667,20000,0.016667,210231,117,1920,1080,0,0,0,0,yuv420p,N/A,B,0,0,0,0,0,tv,unknown,unknown,unknown,left
frame,video,0,0,N/A,N/A,N/A,N/A,N/A,N/A,20000,0.016667,20000,0.016667,210042,189,1920,1080,0,0,0,0,yuv420p,N/A,P,0,0,0,0,0,tv,unknown,unknown,unknown,left
frame,video,0,0,N/A,N/A,N/A,N/A,N/A,N/A,20000,0.016667,20000,0.016667,210503,121,1920,1080,0,0,0,0,yuv420p,N/A,B,0,0,0,0,0,tv,unknown,unknown,unknown,left
frame,video,0,0,N/A,N/A,N/A,N/A,N/A,N/A,20000,0.016667,20000,0.016667,210348,155,1920,1080,0,0,0,0,yuv420p,N/A,P,0,0,0,0,0,tv,unknown,unknown,unknown,left
frame,video,0,0,N/A,N/A,N/A,N/A,N/A,N/A,20000,0.016667,20000,0.016667,210781,122,1920,1080,0,0,0,0,yuv420p,N/A,B,0,0,0,0,0,tv,unknown,unknown,unknown,left
frame,video,0,0,N/A,N/A,N/A,N/A,N/A,N/A,20000,0.016667,20000,0.016667,210624,157,1920,1080,0,0,0,0,yuv420p,N/A,P,0,0,0,0,0,tv,unknown,unknown,unknown,left
frame,video,0,0,N/A,N/A,N/A,N/A,N/A,N/A,20000,0.016667,20000,0.016667,211052,117,1920,1080,0,0,0,0,yuv420p,N/A,B,0,0,0,0,0,tv,unknown,unknown,unknown,left
frame,video,0,0,N/A,N/A,N/A,N/A,N/A,N/A,20000,0.016667,20000,0.016667,210903,149,1920,1080,0,0,0,0,yuv420p,N/A,P,0,0,0,0,0,tv,unknown,unknown,unknown,left
