frame,video,0,1,N/A,N/A,N/A,N/A,N/A,N/A,20000,0.016667,20000,0.016667,0,16213,1920,1080,0,0,0,0,yuv420p,N/A,I,0,0,0,0,0,tv,unknown,unknown,unknown,left,H.26[45] User Data Unregistered SEI message
frame,video,0,0,N/A,N/A,N/A,N/A,N/A,N/A,20000,0.016667,20000,0.016667,16480,115,1920,1080,0,0,0,0,yuv420p,N/A,B,0,0,0,0,0,tv,unknown,unknown,unknown,left
frame,video,0,0,N/A,N/A,N/A,N/A,N/A,N/A,20000,0.016667,20000,0.016667,16361,119,1920,1080,0,0,0,0,yuv420p,N/A,B,0,0,0,0,0,tv,unknown,unknown,unknown,left
frame,video,0,0,N/A,N/A,N/A,N/A,N/A,N/A,20000,0.016667,20000,0.016667,16595,119,1920,1080,0,0,0,0,yuv420p,N/A,B,0,0,0,0,0,tv,unknown,unknown,unknown,left
frame,video,0,0,N/A,N/A,N/A,N/A,N/A,N/A,20000,0.016667,20000,0.016667,16213,148,1920,1080,0,0,0,0,yuv420p,N/A,P,0,0,0,0,0,tv,unknown,unknown,unknown,left
frame,video,0,0,N/A,N/A,N/A,N/A,N/A,N/A,20000,0.016667,20000,0.016667,16980,114,1920,1080,0,0,0,0,yuv420p,N/A,B,0,0,0,0,0,tv,unknown,unknown,unknown,left
frame,video,0,0,N/A,N/A,N/A,N/A,N/A,N/A,20000,0.016667,20000,0.016667,16852,128,1920,1080,0,0,0,0,yuv420p,N/A,B,0,0,0,0,0,tv,unknown,unknown,unknown,left
frame,video,0,0,N/A,N/A,N/A,N/A,N/A,N/A,20000,0.016667,20000,0.016667,17094,127,1920,1080,0,0,0,0,yuv420p,N/A,B,0,0,0,0,0,tv,unknown,unknown,unknown,left
frame,video,0,0,N/A,N/A,N/A,N/A,N/A,N/A,20000,0.016667,20000,0.016667,16714,138,1920,1080,0,0,0,0,yuv420p,N/A,P,0,0,0,0,0,tv,unknown,unknown,unknown,left
frame,video,0,0,N/A,N/A,N/A,N/A,N/A,N/A,20000,0.016667,20000,0.016667,17359,114,1920,1080,0,0,0,0,yuv420p,N/A,B,0,0,0,0,0,tv,unknown,unknown,unknown,left
frame,video,0,0,N/A,N/A,N/A,N/A,N/A,N/A,20000,0.016667,20000,0.016667,17221,138,1920,1080,0,0,0,0,yuv420p,N/A,P,0,0,0,0,0,tv,unknown,unknown,unknown,left
frame,video,0,0,N/A,N/A,N/A,N/A,N/A,N/A,20000,0.016667,20000,0.016667,17740,115,1920,1080,0,0,0,0,yuv420p,N/A,B,0,0,0,0,0,tv,unknown,unknown,unknown,left
frame,video,0,0,N/A,N/A,N/A,N/A,N/A,N/A,20000,0.016667,20000,0.016667,17612,128,1920,1080,0,0,0,0,yuv420p,N/A,B,0,0,0,0,0,tv,unknown,unknown,unknown,left
frame,video,0,0,N/A,N/A,N/A,N/A,N/A,N/A,20000,0.016667,20000,0.016667,17855,127,1920,1080,0,0,0,0,yuv420p,N/A,B,0,0,0,0,0,tv,unknown,unknown,unknown,left
frame,video,0,0,N/A,N/A,N/A,N/A,N/A,N/A,20000,0.016667,20000,0.016667,17473,139,1920,1080,0,0,0,0,yuv420p,N/A,P,0,0,0,0,0,tv,unknown,unknown,unknown,left
frame,video,0,0,N/A,N/A,N/A,N/A,N/A,N/A,20000,0.016667,20000,0.016667,18137,114,1920,1080,0,0,0,0,yuv420p,N/A,B,0,0,0,0,0,tv,unknown,unknown,unknown,left
frame,video,0,0,N/A,N/A,N/A,N/A,N/A,N/A,20000,0.016667,20000,0.016667,17982,155,1920,1080,0,0,0,0,yuv420p,N/A,P,0,0,0,0,0,tv,unknown,unknown,unknown,left
frame,video,0,0,N/A,N/A,N/A,N/A,N/A,N/A,20000,0.016667,20000,0.016667,34899,112,1920,1080,0,0,0,0,yuv420p,N/A,B,0,0,0,0,0,tv,unknown,unknown,unknown,left
frame,video,0,0,N/A,N/A,N/A,N/A,N/A,N/A,20000,0.016667,20000,0.016667,34774,125,1920,1080,0,0,0,0,yuv420p,N/A,B,0,0,0,0,0,tv,unknown,unknown,unknown,left
frame,video,0,0,N/A,N/A,N/A,N/A,N/A,N/A,20000,0.016667,20000,0.016667,35011,124,1920,1080,0,0,0,0,yuv420p,N/A,B,0,0,0,0,0,tv,unknown,unknown,unknown,left
frame,video,0,1,N/A,N/A,N/A,N/A,N/A,N/A,20000,0.016667,20000,0.016667,18251,16523,1920,1080,0,0,0,0,yuv420p,N/A,I,0,0,0,0,0,tv,unknown,unknown,unknown,left,H.26[45] User Data Unregistered SEI message
frame,video,0,0,N/A,N/A,N/A,N/A,N/A,N/A,20000,0.016667,20000,0.016667,35660,111,1920,1080,0,0,0,0,yuv420p,N/A,B,0,0,0,0,0,tv,unknown,unknown,unknown,left
frame,video,0,0,N/A,N/A,N/A,N/A,N/A,N/A,20000,0.016667,20000,0.016667,35543,117,1920,1080,0,0,0,0,yuv420p,N/A,B,0,0,0,0,0,tv,unknown,unknown,unknown,left
frame,video,0,0,N/A,N/A,N/A,N/A,N/A,N/A,20000,0.016667,20000,0.016667,35135,408,1920,1080,0,0,0,0,yuv420p,N/A,P,0,0,0,0,0,tv,unknown,unknown,unknown,left
frame,video,0,0,N/A,N/A,N/A,N/A,N/A,N/A,20000,0.016667,20000,0.016667,36575,111,1920,1080,0,0,0,0,yuv420p,N/A,B,0,0,0,0,0,tv,unknown,unknown,unknown,left
frame,video,0,0,N/A,N/A,N/A,N/A,N/A,N/A,20000,0.016667,20000,0.016667,36452,123,1920,1080,0,0,0,0,yuv420p,N/A,B,0,0,0,0,0,tv,unknown,unknown,unknown,left
frame,video,0,0,N/A,N/A,N/A,N/A,N/A,N/A,20000,0.016667,20000,0.016667,36686,123,1920,1080,0,0,0,0,yuv420p,N/A,B,0,0,0,0,0,tv,unknown,unknown,unknown,left
frame,video,0,0,N/A,N/A,N/A,N/A,N/A,N/A,20000,0.016667,20000,0.016667,35771,681,1920,1080,0,0,0,0,yuv420p,N/A,P,0,0,0,0,0,tv,unknown,unknown,unknown,left
frame,video,0,0,N/A,N/A,N/A,N/A,N/A,N/A,20000,0.016667,20000,0.016667,37335,111,1920,1080,0,0,0,0,yuv420p,N/A,B,0,0,0,0,0,tv,unknown,unknown,unknown,left
frame,video,0,0,N/A,N/A,N/A,N/A,N/A,N/A,20000,0.016667,20000,0.016667,37209,126,1920,1080,0,0,0,0,yuv420p,N/A,B,0,0,0,0,0,tv,unknown,unknown,unknown,left
frame,video,0,0,N/A,N/A,N/A,N/A,N/A,N/A,20000,0.016667,20000,0.016667,36809,400,1920,1080,0,0,0,0,yuv420p,N/A,P,0,0,0,0,0,tv,unknown,unknown,unknown,left
frame,video,0,0,N/A,N/A,N/A,N/A,N/A,N/A,20000,0.016667,20000,0.016667,38012,111,1920,1080,0,0,0,0,yuv420p,N/A,B,0,0,0,0,0,tv,unknown,unknown,unknown,left
frame,video,0,0,N/A,N/A,N/A,N/A,N/A,N/A,20000,0.016667,20000,0.016667,37446,566,1920,1080,0,0,0,0,yuv420p,N/A,P,0,0,0,0,0,tv,unknown,unknown,unknown,left
frame,video,0,0,N/A,N/A,N/A,N/A,N/A,N/A,20000,0.016667,20000,0.016667,38687,111,1920,1080,0,0,0,0,yuv420p,N/A,B,0,0,0,0,0,tv,unknown,unknown,unknown,left
frame,video,0,0,N/A,N/A,N/A,N/A,N/A,N/A,20000,0.016667,20000,0.016667,38556,131,1920,1080,0,0,0,0,yuv420p,N/A,B,0,0,0,0,0,tv,unknown,unknown,unknown,left
frame,video,0,0,N/A,N/A,N/A,N/A,N/A,N/A,20000,0.016667,20000,0.016667,38798,123,1920,1080,0,0,0,0,yuv420p,N/A,B,0,0,0,0,0,tv,unknown,unknown,unknown,left
frame,video,0,0,N/A,N/A,N/A,N/A,N/A,N/A,20000,0.016667,20000,0.016667,38123,433,1920,1080,0,0,0,0,yuv420p,N/A,P,0,0,0,0,0,tv,unknown,unknown,unknown,left
frame,video,0,0,N/A,N/A,N/A,N/A,N/A,N/A,20000,0.016667,20000,0.016667,55969,111,1920,1080,0,0,0,0,yuv420p,N/A,B,0,0,0,0,0,tv,unknown,unknown,unknown,left
frame,video,0,0,N/A,N/A,N/A,N/A,N/A,N/A,20000,0.016667,20000,0.016667,55838,131,1920,1080,0,0,0,0,yuv420p,N/A,B,0,0,0,0,0,tv,unknown,unknown,unknown,left
frame,video,0,0,N/A,N/A,N/A,N/A,N/A,N/A,20000,0.016667,20000,0.016667,56080,122,1920,1080,0,0,0,0,yuv420p,N/A,B,0,0,0,0,0,tv,unknown,unknown,unknown,left
frame,video,0,1,N/A,N/A,N/A,N/A,N/A,N/A,20000,0.016667,20000,0.016667,38921,16917,1920,1080,0,0,0,0,yuv420p,N/A,I,0,0,0,0,0,tv,unknown,unknown,unknown,left,H.26[45] User Data Unregistered SEI message
frame,video,0,0,N/A,N/A,N/A,N/A,N/A,N/A,20000,0.016667,20000,0.016667,56636,112,1920,1080,0,0,0,0,yuv420p,N/A,B,0,0,0,0,0,tv,unknown,unknown,unknown,left
frame,video,0,0,N/A,N/A,N/A,N/A,N/A,N/A,20000,0.016667,20000,0.016667,56518,118,1920,1080,0,0,0,0,yuv420p,N/A,B,0,0,0,0,0,tv,unknown,unknown,unknown,left
frame,video,0,0,N/A,N/A,N/A,N/A,N/A,N/A,20000,0.016667,20000,0.016667,56748,118,1920,1080,0,0,0,0,yuv420p,N/A,B,0,0,0,0,0,tv,unknown,unknown,unknown,left
frame,video,0,0,N/A,N/A,N/A,N/A,N/A,N/A,20000,0.016667,20000,0.016667,56202,316,1920,1080,0,0,0,0,yuv420p,N/A,P,0,0,0,0,0,tv,unknown,unknown,unknown,left
frame,video,0,0,N/A,N/A,N/A,N/A,N/A,N/A,20000,0.016667,20000,0.016667,57313,112,1920,1080,0,0,0,0,yuv420p,N/A,B,0,0,0,0,0,tv,unknown,unknown,unknown,left
frame,video,0,0,N/A,N/A,N/A,N/A,N/A,N/A,20000,0.016667,20000,0.016667,57189,124,1920,1080,0,0,0,0,yuv420p,N/A,B,0,0,0,0,0,tv,unknown,unknown,unknown,left
frame,video,0,0,N/A,N/A,N/A,N/A,N/A,N/A,20000,0.016667,20000,0.016667,56866,323,1920,1080,0,0,0,0,yuv420p,N/A,P,0,0,0,0,0,tv,unknown,unknown,unknown,left
frame,video,0,0,N/A,N/A,N/A,N/A,N/A,N/A,20000,0.016667,20000,0.016667,57684,112,1920,1080,0,0,0,0,yuv420p,N/A,B,0,0,0,0,0,tv,unknown,unknown,unknown,left
frame,video,0,0,N/A,N/A,N/A,N/A,N/A,N/A,20000,0.016667,20000,0.016667,57560,124,1920,1080,0,0,0,0,yuv420p,N/A,B,0,0,0,0,0,tv,unknown,unknown,unknown,left
frame,video,0,0,N/A,N/A,N/A,N/A,N/A,N/A,20000,0.016667,20000,0.016667,57796,123,1920,1080,0,0,0,0,yuv420p,N/A,B,0,0,0,0,0,tv,unknown,unknown,unknown,left
frame,video,0,0,N/A,N/A,N/A,N/A,N/A,N/A,20000,0.016667,20000,0.016667,57425,135,1920,1080,0,0,0,0,yuv420p,N/A,P,0,0,0,0,0,tv,unknown,unknown,unknown,left
frame,video,0,0,N/A,N/A,N/A,N/A,N/A,N/A,20000,0.016667,20000,0.016667,58178,112,1920,1080,0,0,0,0,yuv420p,N/A,B,0,0,0,0,0,tv,unknown,unknown,unknown,left
frame,video,0,0,N/A,N/A,N/A,N/A,N/A,N/A,20000,0.016667,20000,0.016667,58054,124,1920,1080,0,0,0,0,yuv420p,N/A,B,0,0,0,0,0,tv,unknown,unknown,unknown,left
frame,video,0,0,N/A,N/A,N/A,N/A,N/A,N/A,20000,0.016667,20000,0.016667,58290,123,1920,1080,0,0,0,0,yuv420p,N/A,B,0,0,0,0,0,tv,unknown,unknown,unknown,left
frame,video,0,0,N/A,N/A,N/A,N/A,N/A,N/A,20000,0.016667,20000,0.016667,57919,135,1920,1080,0,0,0,0,yuv420p,N/A,P,0,0,0,0,0,tv,unknown,unknown,unknown,left
frame,video,0,0,N/A,N/A,N/A,N/A,N/A,N/A,20000,0.016667,20000,0.016667,58548,112,1920,1080,0,0,0,0,yuv420p,N/A,B,0,0,0,0,0,tv,unknown,unknown,unknown,left
frame,video,0,0,N/A,N/A,N/A,N/A,N/A,N/A,20000,0.016667,20000,0.016667,58413,135,1920,1080,0,0,0,0,yuv420p,N/A,P,0,0,0,0,0,tv,unknown,unknown,unknown,left
frame,video,0,0,N/A,N/A,N/A,N/A,N/A,N/A,20000,0.016667,20000,0.016667,75542,112,1920,1080,0,0,0,0,yuv420p,N/A,B,0,0,0,0,0,tv,unknown,unknown,unknown,left
frame,video,0,0,N/A,N/A,N/A,N/A,N/A,N/A,20000,0.016667,20000,0.016667,75419,123,1920,1080,0,0,0,0,yuv420p,N/A,B,0,0,0,0,0,tv,unknown,unknown,unknown,left
frame,video,0,1,N/A,N/A,N/A,N/A,N/A,N/A,20000,0.016667,20000,0.016667,58660,16759,1920,1080,0,0,0,0,yuv420p,N/A,I,0,0,0,0,0,tv,unknown,unknown,unknown,left,H.26[45] User Data Unregistered SEI message
frame,video,0,0,N/A,N/A,N/A,N/A,N/A,N/A,20000,0.016667,20000,0.016667,75973,112,1920,1080,0,0,0,0,yuv420p,N/A,B,0,0,0,0,0,tv,unknown,unknown,unknown,left
frame,video,0,0,N/A,N/A,N/A,N/A,N/A,N/A,20000,0.016667,20000,0.016667,75654,319,1920,1080,0,0,0,0,yuv420p,N/A,P,0,0,0,0,0,tv,unknown,unknown,unknown,left
frame,video,0,0,N/A,N/A,N/A,N/A,N/A,N/A,20000,0.016667,20000,0.016667,76906,139,1920,1080,0,0,0,0,yuv420p,N/A,B,0,0,0,0,0,tv,unknown,unknown,unknown,left
frame,video,0,0,N/A,N/A,N/A,N/A,N/A,N/A,20000,0.016667,20000,0.016667,76744,162,1920,1080,0,0,0,0,yuv420p,N/A,B,0,0,0,0,0,tv,unknown,unknown,unknown,left
frame,video,0,0,N/A,N/A,N/A,N/A,N/A,N/A,20000,0.016667,20000,0.016667,77045,133,1920,1080,0,0,0,0,yuv420p,N/A,B,0,0,0,0,0,tv,unknown,unknown,unknown,left
frame,video,0,0,N/A,N/A,N/A,N/A,N/A,N/A,20000,0.016667,20000,0.016667,76085,659,1920,1080,0,0,0,0,yuv420p,N/A,P,0,0,0,0,0,tv,unknown,unknown,unknown,left
frame,video,0,0,N/A,N/A,N/A,N/A,N/A,N/A,20000,0.016667,20000,0.016667,77978,151,1920,1080,0,0,0,0,yuv420p,N/A,B,0,0,0,0,0,tv,unknown,unknown,unknown,left
frame,video,0,0,N/A,N/A,N/A,N/A,N/A,N/A,20000,0.016667,20000,0.016667,77824,154,1920,1080,0,0,0,0,yuv420p,N/A,B,0,0,0,0,0,tv,unknown,unknown,unknown,left
frame,video,0,0,N/A,N/A,N/A,N/A,N/A,N/A,20000,0.016667,20000,0.016667,78129,135,1920,1080,0,0,0,0,yuv420p,N/A,B,0,0,0,0,0,tv,unknown,unknown,unknown,left
frame,video,0,0,N/A,N/A,N/A,N/A,N/A,N/A,20000,0.016667,20000,0.016667,77178,646,1920,1080,0,0,0,0,yuv420p,N/A,P,0,0,0,0,0,tv,unknown,unknown,unknown,left
frame,video,0,0,N/A,N/A,N/A,N/A,N/A,N/A,20000,0.016667,20000,0.016667,79085,190,1920,1080,0,0,0,0,yuv420p,N/A,B,0,0,0,0,0,tv,unknown,unknown,unknown,left
frame,video,0,0,N/A,N/A,N/A,N/A,N/A,N/A,20000,0.016667,20000,0.016667,78943,142,1920,1080,0,0,0,0,yuv420p,N/A,B,0,0,0,0,0,tv,unknown,unknown,unknown,left
frame,video,0,0,N/A,N/A,N/A,N/A,N/A,N/A,20000,0.016667,20000,0.016667,78264,679,1920,1080,0,0,0,0,yuv420p,N/A,P,0,0,0,0,0,tv,unknown,unknown,unknown,left
frame,video,0,0,N/A,N/A,N/A,N/A,N/A,N/A,20000,0.016667,20000,0.016667,80400,151,1920,1080,0,0,0,0,yuv420p,N/A,B,0,0,0,0,0,tv,unknown,unknown,unknown,left
frame,video,0,0,N/A,N/A,N/A,N/A,N/A,N/A,20000,0.016667,20000,0.016667,80231,169,1920,1080,0,0,0,0,yuv420p,N/A,B,0,0,0,0,0,tv,unknown,unknown,unknown,left
frame,video,0,0,N/A,N/A,N/A,N/A,N/A,N/A,20000,0.016667,20000,0.016667,79275,956,1920,1080,0,0,0,0,yuv420p,N/A,P,0,0,0,0,0,tv,unknown,unknown,unknown,left
frame,video,0,0,N/A,N/A,N/A,N/A,N/A,N/A,20000,0.016667,20000,0.016667,100924,144,1920,1080,0,0,0,0,yuv420p,N/A,B,0,0,0,0,0,tv,unknown,unknown,unknown,left
frame,video,0,0,N/A,N/A,N/A,N/A,N/A,N/A,20000,0.016667,20000,0.016667,100780,144,1920,1080,0,0,0,0,yuv420p,N/A,B,0,0,0,0,0,tv,unknown,unknown,unknown,left
frame,video,0,0,N/A,N/A,N/A,N/A,N/A,N/A,20000,0.016667,20000,0.016667,101068,134,1920,1080,0,0,0,0,yuv420p,N/A,B,0,0,0,0,0,tv,unknown,unknown,unknown,left
frame,video,0,1,N/A,N/A,N/A,N/A,N/A,N/A,20000,0.016667,20000,0.016667,80551,20229,1920,1080,0,0,0,0,yuv420p,N/A,I,0,0,0,0,0,tv,unknown,unknown,unknown,left,H.26[45] User Data Unregistered SEI message
frame,video,0,0,N/A,N/A,N/A,N/A,N/A,N/A,20000,0.016667,20000,0.016667,101663,139,1920,1080,0,0,0,0,yuv420p,N/A,B,0,0,0,0,0,tv,unknown,unknown,unknown,left
frame,video,0,0,N/A,N/A,N/A,N/A,N/A,N/A,20000,0.016667,20000,0.016667,101534,129,1920,1080,0,0,0,0,yuv420p,N/A,B,0,0,0,0,0,tv,unknown,unknown,unknown,left
frame,video,0,0,N/A,N/A,N/A,N/A,N/A,N/A,20000,0.016667,20000,0.016667,101202,332,1920,1080,0,0,0,0,yuv420p,N/A,P,0,0,0,0,0,tv,unknown,unknown,unknown,left
frame,video,0,0,N/A,N/A,N/A,N/A,N/A,N/A,20000,0.016667,20000,0.016667,102397,157,1920,1080,0,0,0,0,yuv420p,N/A,B,0,0,0,0,0,tv,unknown,unknown,unknown,left
frame,video,0,0,N/A,N/A,N/A,N/A,N/A,N/A,20000,0.016667,20000,0.016667,102252,145,1920,1080,0,0,0,0,yuv420p,N/A,B,0,0,0,0,0,tv,unknown,unknown,unknown,left
frame,video,0,0,N/A,N/A,N/A,N/A,N/A,N/A,20000,0.016667,20000,0.016667,102554,134,1920,1080,0,0,0,0,yuv420p,N/A,B,0,0,0,0,0,tv,unknown,unknown,unknown,left
frame,video,0,0,N/A,N/A,N/A,N/A,N/A,N/A,20000,0.016667,20000,0.016667,101802,450,1920,1080,0,0,0,0,yuv420p,N/A,P,0,0,0,0,0,tv,unknown,unknown,unknown,left
frame,video,0,0,N/A,N/A,N/A,N/A,N/A,N/A,20000,0.016667,20000,0.016667,103137,133,1920,1080,0,0,0,0,yuv420p,N/A,B,0,0,0,0,0,tv,unknown,unknown,unknown,left
frame,video,0,0,N/A,N/A,N/A,N/A,N/A,N/A,20000,0.016667,20000,0.016667,102992,145,1920,1080,0,0,0,0,yuv420p,N/A,B,0,0,0,0,0,tv,unknown,unknown,unknown,left
frame,video,0,0,N/A,N/A,N/A,N/A,N/A,N/A,20000,0.016667,20000,0.016667,103270,130,1920,1080,0,0,0,0,yuv420p,N/A,B,0,0,0,0,0,tv,unknown,unknown,unknown,left
frame,video,0,0,N/A,N/A,N/A,N/A,N/A,N/A,20000,0.016667,20000,0.016667,102688,304,1920,1080,0,0,0,0,yuv420p,N/A,P,0,0,0,0,0,tv,unknown,unknown,unknown,left
frame,video,0,0,N/A,N/A,N/A,N/A,N/A,N/A,20000,0.016667,20000,0.016667,103704,151,1920,1080,0,0,0,0,yuv420p,N/A,B,0,0,0,0,0,tv,unknown,unknown,unknown,left
frame,video,0,0,N/A,N/A,N/A,N/A,N/A,N/A,20000,0.016667,20000,0.016667,103400,304,1920,1080,0,0,0,0,yuv420p,N/A,P,0,0,0,0,0,tv,unknown,unknown,unknown,left
frame,video,0,0,N/A,N/A,N/A,N/A,N/A,N/A,20000,0.016667,20000,0.016667,104221,108,1920,1080,0,0,0,0,yuv420p,N/A,B,0,0,0,0,0,tv,unknown,unknown,unknown,left
frame,video,0,0,N/A,N/A,N/A,N/A,N/A,N/A,20000,0.016667,20000,0.016667,104088,133,1920,1080,0,0,0,0,yuv420p,N/A,B,0,0,0,0,0,tv,unknown,unknown,unknown,left
frame,video,0,0,N/A,N/A,N/A,N/A,N/A,N/A,20000,0.016667,20000,0.016667,103855,233,1920,1080,0,0,0,0,yuv420p,N/A,P,0,0,0,0,0,tv,unknown,unknown,unknown,left
frame,video,0,0,N/A,N/A,N/A,N/A,N/A,N/A,20000,0.016667,20000,0.016667,125619,155,1920,1080,0,0,0,0,yuv420p,N/A,B,0,0,0,0,0,tv,unknown,unknown,unknown,left
frame,video,0,0,N/A,N/A,N/A,N/A,N/A,N/A,20000,0.016667,20000,0.016667,125487,132,1920,1080,0,0,0,0,yuv420p,N/A,B,0,0,0,0,0,tv,unknown,unknown,unknown,left
frame,video,0,0,N/A,N/A,N/A,N/A,N/A,N/A,20000,0.016667,20000,0.016667,125774,129,1920,1080,0,0,0,0,yuv420p,N/A,B,0,0,0,0,0,tv,unknown,unknown,unknown,left
frame,video,0,1,N/A,N/A,N/A,N/A,N/A,N/A,20000,0.016667,20000,0.016667,104329,21158,1920,1080,0,0,0,0,yuv420p,N/A,I,0,0,0,0,0,tv,unknown,unknown,unknown,left,H.26[45] User Data Unregistered SEI message
frame,video,0,0,N/A,N/A,N/A,N/A,N/A,N/A,20000,0.016667,20000,0.016667,126389,129,1920,1080,0,0,0,0,yuv420p,N/A,B,0,0,0,0,0,tv,unknown,unknown,unknown,left
frame,video,0,0,N/A,N/A,N/A,N/A,N/A,N/A,20000,0.016667,20000,0.016667,126267,122,1920,1080,0,0,0,0,yuv420p,N/A,B,0,0,0,0,0,tv,unknown,unknown,unknown,left
frame,video,0,0,N/A,N/A,N/A,N/A,N/A,N/A,20000,0.016667,20000,0.016667,126518,121,1920,1080,0,0,0,0,yuv420p,N/A,B,0,0,0,0,0,tv,unknown,unknown,unknown,left
frame,video,0,0,N/A,N/A,N/A,N/A,N/A,N/A,20000,0.016667,20000,0.016667,125903,364,1920,1080,0,0,0,0,yuv420p,N/A,P,0,0,0,0,0,tv,unknown,unknown,unknown,left
frame,video,0,0,N/A,N/A,N/A,N/A,N/A,N/A,20000,0.016667,20000,0.016667,127330,156,1920,1080,0,0,0,0,yuv420p,N/A,B,0,0,0,0,0,tv,unknown,unknown,unknown,left
frame,video,0,0,N/A,N/A,N/A,N/A,N/A,N/A,20000,0.016667,20000,0.016667,127156,174,1920,1080,0,0,0,0,yuv420p,N/A,B,0,0,0,0,0,tv,unknown,unknown,unknown,left
frame,video,0,0,N/A,N/A,N/A,N/A,N/A,N/A,20000,0.016667,20000,0.016667,126639,517,1920,1080,0,0,0,0,yuv420p,N/A,P,0,0,0,0,0,tv,unknown,unknown,unknown,left
frame,video,0,0,N/A,N/A,N/A,N/A,N/A,N/A,20000,0.016667,20000,0.016667,127999,124,1920,1080,0,0,0,0,yuv420p,N/A,B,0,0,0,0,0,tv,unknown,unknown,unknown,left
frame,video,0,0,N/A,N/A,N/A,N/A,N/A,N/A,20000,0.016667,20000,0.016667,127829,170,1920,1080,0,0,0,0,yuv420p,N/A,B,0,0,0,0,0,tv,unknown,unknown,unknown,left
frame,video,0,0,N/A,N/A,N/A,N/A,N/A,N/A,20000,0.016667,20000,0.016667,128123,135,1920,1080,0,0,0,0,yuv420p,N/A,B,0,0,0,0,0,tv,unknown,unknown,unknown,left
frame,video,0,0,N/A,N/A,N/A,N/A,N/A,N/A,20000,0.016667,20000,0.016667,127486,343,1920,1080,0,0,0,0,yuv420p,N/A,P,0,0,0,0,0,tv,unknown,unknown,unknown,left
frame,video,0,0,N/A,N/A,N/A,N/A,N/A,N/A,20000,0.016667,20000,0.016667,128778,111,1920,1080,0,0,0,0,yuv420p,N/A,B,0,0,0,0,0,tv,unknown,unknown,unknown,left
frame,video,0,0,N/A,N/A,N/A,N/A,N/A,N/A,20000,0.016667,20000,0.016667,128600,178,1920,1080,0,0,0,0,yuv420p,N/A,B,0,0,0,0,0,tv,unknown,unknown,unknown,left
frame,video,0,0,N/A,N/A,N/A,N/A,N/A,N/A,20000,0.016667,20000,0.016667,128889,178,1920,1080,0,0,0,0,yuv420p,N/A,B,0,0,0,0,0,tv,unknown,unknown,unknown,left
frame,video,0,0,N/A,N/A,N/A,N/A,N/A,N/A,20000,0.016667,20000,0.016667,128258,342,1920,1080,0,0,0,0,yuv420p,N/A,P,0,0,0,0,0,tv,unknown,unknown,unknown,left
frame,video,0,0,N/A,N/A,N/A,N/A,N/A,N/A,20000,0.016667,20000,0.016667,129240,113,1920,1080,0,0,0,0,yuv420p,N/A,B,0,0,0,0,0,tv,unknown,unknown,unknown,left
frame,video,0,0,N/A,N/A,N/A,N/A,N/A,N/A,20000,0.016667,20000,0.016667,129067,173,1920,1080,0,0,0,0,yuv420p,N/A,P,0,0,0,0,0,tv,unknown,unknown,unknown,left
frame,video,0,0,N/A,N/A,N/A,N/A,N/A,N/A,20000,0.016667,20000,0.016667,151504,144,1920,1080,0,0,0,0,yuv420p,N/A,B,0,0,0,0,0,tv,unknown,unknown,unknown,left
frame,video,0,0,N/A,N/A,N/A,N/A,N/A,N/A,20000,0.016667,20000,0.016667,151367,137,1920,1080,0,0,0,0,yuv420p,N/A,B,0,0,0,0,0,tv,unknown,unknown,unknown,left
frame,video,0,1,N/A,N/A,N/A,N/A,N/A,N/A,20000,0.016667,20000,0.016667,129353,22014,1920,1080,0,0,0,0,yuv420p,N/A,I,0,0,0,0,0,tv,unknown,unknown,unknown,left,H.26[45] User Data Unregistered SEI message
frame,video,0,0,N/A,N/A,N/A,N/A,N/A,N/A,20000,0.016667,20000,0.016667,151931,115,1920,1080,0,0,0,0,yuv420p,N/A,B,0,0,0,0,0,tv,unknown,unknown,unknown,left
frame,video,0,0,N/A,N/A,N/A,N/A,N/A,N/A,20000,0.016667,20000,0.016667,151811,120,1920,1080,0,0,0,0,yuv420p,N/A,B,0,0,0,0,0,tv,unknown,unknown,unknown,left
frame,video,0,0,N/A,N/A,N/A,N/A,N/A,N/A,20000,0.016667,20000,0.016667,152046,119,1920,1080,0,0,0,0,yuv420p,N/A,B,0,0,0,0,0,tv,unknown,unknown,unknown,left
frame,video,0,0,N/A,N/A,N/A,N/A,N/A,N/A,20000,0.016667,20000,0.016667,151648,163,1920,1080,0,0,0,0,yuv420p,N/A,P,0,0,0,0,0,tv,unknown,unknown,unknown,left
frame,video,0,0,N/A,N/A,N/A,N/A,N/A,N/A,20000,0.016667,20000,0.016667,152459,113,1920,1080,0,0,0,0,yuv420p,N/A,B,0,0,0,0,0,tv,unknown,unknown,unknown,left
frame,video,0,0,N/A,N/A,N/A,N/A,N/A,N/A,20000,0.016667,20000,0.016667,152325,134,1920,1080,0,0,0,0,yuv420p,N/A,B,0,0,0,0,0,tv,unknown,unknown,unknown,left
frame,video,0,0,N/A,N/A,N/A,N/A,N/A,N/A,20000,0.016667,20000,0.016667,152572,132,1920,1080,0,0,0,0,yuv420p,N/A,B,0,0,0,0,0,tv,unknown,unknown,unknown,left
frame,video,0,0,N/A,N/A,N/A,N/A,N/A,N/A,20000,0.016667,20000,0.016667,152165,160,1920,1080,0,0,0,0,yuv420p,N/A,P,0,0,0,0,0,tv,unknown,unknown,unknown,left
frame,video,0,0,N/A,N/A,N/A,N/A,N/A,N/A,20000,0.016667,20000,0.016667,153073,110,1920,1080,0,0,0,0,yuv420p,N/A,B,0,0,0,0,0,tv,unknown,unknown,unknown,left
frame,video,0,0,N/A,N/A,N/A,N/A,N/A,N/A,20000,0.016667,20000,0.016667,152941,132,1920,1080,0,0,0,0,yuv420p,N/A,B,0,0,0,0,0,tv,unknown,unknown,unknown,left
frame,video,0,0,N/A,N/A,N/A,N/A,N/A,N/A,20000,0.016667,20000,0.016667,153183,130,1920,1080,0,0,0,0,yuv420p,N/A,B,0,0,0,0,0,tv,unknown,unknown,unknown,left
frame,video,0,0,N/A,N/A,N/A,N/A,N/A,N/A,20000,0.016667,20000,0.016667,152704,237,1920,1080,0,0,0,0,yuv420p,N/A,P,0,0,0,0,0,tv,unknown,unknown,unknown,left
frame,video,0,0,N/A,N/A,N/A,N/A,N/A,N/A,20000,0.016667,20000,0.016667,153728,104,1920,1080,0,0,0,0,yuv420p,N/A,B,0,0,0,0,0,tv,unknown,unknown,unknown,left
frame,video,0,0,N/A,N/A,N/A,N/A,N/A,N/A,20000,0.016667,20000,0.016667,153600,128,1920,1080,0,0,0,0,yuv420p,N/A,B,0,0,0,0,0,tv,unknown,unknown,unknown,left
frame,video,0,0,N/A,N/A,N/A,N/A,N/A,N/A,20000,0.016667,20000,0.016667,153832,126,1920,1080,0,0,0,0,yuv420p,N/A,B,0,0,0,0,0,tv,unknown,unknown,unknown,left
frame,video,0,0,N/A,N/A,N/A,N/A,N/A,N/A,20000,0.016667,20000,0.016667,153313,287,1920,1080,0,0,0,0,yuv420p,N/A,P,0,0,0,0,0,tv,unknown,unknown,unknown,left
frame,video,0,0,N/A,N/A,N/A,N/A,N/A,N/A,20000,0.016667,20000,0.016667,175378,99,1920,1080,0,0,0,0,yuv420p,N/A,B,0,0,0,0,0,tv,unknown,unknown,unknown,left
frame,video,0,0,N/A,N/A,N/A,N/A,N/A,N/A,20000,0.016667,20000,0.016667,175254,124,1920,1080,0,0,0,0,yuv420p,N/A,B,0,0,0,0,0,tv,unknown,unknown,unknown,left
frame,video,0,0,N/A,N/A,N/A,N/A,N/A,N/A,20000,0.016667,20000,0.016667,175477,122,1920,1080,0,0,0,0,yuv420p,N/A,B,0,0,0,0,0,tv,unknown,unknown,unknown,left
frame,video,0,1,N/A,N/A,N/A,N/A,N/A,N/A,20000,0.016667,20000,0.016667,153958,21296,1920,1080,0,0,0,0,yuv420p,N/A,I,0,0,0,0,0,tv,unknown,unknown,unknown,left,H.26[45] User Data Unregistered SEI message
frame,video,0,0,N/A,N/A,N/A,N/A,N/A,N/A,20000,0.016667,20000,0.016667,176788,116,1920,1080,0,0,0,0,yuv420p,N/A,B,0,0,0,0,0,tv,unknown,unknown,unknown,left
frame,video,0,0,N/A,N/A,N/A,N/A,N/A,N/A,20000,0.016667,20000,0.016667,176670,118,1920,1080,0,0,0,0,yuv420p,N/A,B,0,0,0,0,0,tv,unknown,unknown,unknown,left
frame,video,0,0,N/A,N/A,N/A,N/A,N/A,N/A,20000,0.016667,20000,0.016667,176904,115,1920,1080,0,0,0,0,yuv420p,N/A,B,0,0,0,0,0,tv,unknown,unknown,unknown,left
frame,video,0,0,N/A,N/A,N/A,N/A,N/A,N/A,20000,0.016667,20000,0.016667,175599,1071,1920,1080,0,0,0,0,yuv420p,N/A,P,0,0,0,0,0,tv,unknown,unknown,unknown,left
frame,video,0,0,N/A,N/A,N/A,N/A,N/A,N/A,20000,0.016667,20000,0.016667,178572,102,1920,1080,0,0,0,0,yuv420p,N/A,B,0,0,0,0,0,tv,unknown,unknown,unknown,left
frame,video,0,0,N/A,N/A,N/A,N/A,N/A,N/A,20000,0.016667,20000,0.016667,178459,113,1920,1080,0,0,0,0,yuv420p,N/A,B,0,0,0,0,0,tv,unknown,unknown,unknown,left
frame,video,0,0,N/A,N/A,N/A,N/A,N/A,N/A,20000,0.016667,20000,0.016667,178674,114,1920,1080,0,0,0,0,yuv420p,N/A,B,0,0,0,0,0,tv,unknown,unknown,unknown,left
frame,video,0,0,N/A,N/A,N/A,N/A,N/A,N/A,20000,0.016667,20000,0.016667,177019,1440,1920,1080,0,0,0,0,yuv420p,N/A,P,0,0,0,0,0,tv,unknown,unknown,unknown,left
frame,video,0,0,N/A,N/A,N/A,N/A,N/A,N/A,20000,0.016667,20000,0.016667,180286,113,1920,1080,0,0,0,0,yuv420p,N/A,B,0,0,0,0,0,tv,unknown,unknown,unknown,left
frame,video,0,0,N/A,N/A,N/A,N/A,N/A,N/A,20000,0.016667,20000,0.016667,180161,125,1920,1080,0,0,0,0,yuv420p,N/A,B,0,0,0,0,0,tv,unknown,unknown,unknown,left
frame,video,0,0,N/A,N/A,N/A,N/A,N/A,N/A,20000,0.016667,20000,0.016667,180399,114,1920,1080,0,0,0,0,yuv420p,N/A,B,0,0,0,0,0,tv,unknown,unknown,unknown,left
frame,video,0,0,N/A,N/A,N/A,N/A,N/A,N/A,20000,0.016667,20000,0.016667,178788,1373,1920,1080,0,0,0,0,yuv420p,N/A,P,0,0,0,0,0,tv,unknown,unknown,unknown,left
frame,video,0,0,N/A,N/A,N/A,N/A,N/A,N/A,20000,0.016667,20000,0.016667,180513,645,1920,1080,0,0,0,0,yuv420p,N/A,P,0,0,0,0,0,tv,unknown,unknown,unknown,left
frame,video,0,0,N/A,N/A,N/A,N/A,N/A,N/A,20000,0.016667,20000,0.016667,181158,239,1920,1080,0,0,0,0,yuv420p,N/A,P,0,0,0,0,0,tv,unknown,unknown,unknown,left
frame,video,0,0,N/A,N/A,N/A,N/A,N/A,N/A,20000,0.016667,20000,0.016667,182136,111,1920,1080,0,0,0,0,yuv420p,N/A,B,0,0,0,0,0,tv,unknown,unknown,unknown,left
frame,video,0,0,N/A,N/A,N/A,N/A,N/A,N/A,20000,0.016667,20000,0.016667,182013,123,1920,1080,0,0,0,0,yuv420p,N/A,B,0,0,0,0,0,tv,unknown,unknown,unknown,left
frame,video,0,0,N/A,N/A,N/A,N/A,N/A,N/A,20000,0.016667,20000,0.016667,182247,124,1920,1080,0,0,0,0,yuv420p,N/A,B,0,0,0,0,0,tv,unknown,unknown,unknown,left
frame,video,0,0,N/A,N/A,N/A,N/A,N/A,N/A,20000,0.016667,20000,0.016667,181397,616,1920,1080,0,0,0,0,yuv420p,N/A,P,0,0,0,0,0,tv,unknown,unknown,unknown,left
